miran	[OR:ENCOUNTER_YEAR::2014]	2019.09.16 14:07:06 EDT	2019.09.16 14:08:42 EDT	95922	 DROP TABLE IF EXISTS tmpA_pat_3f4da5b2_16fe_4889_b2b9_90b91327903d
miran	[OR:DIAGNOSIS::hallucinations, OR:ENCOUNTER_YEAR::2014]	2019.09.18 11:02:08 EDT	2019.09.18 11:02:09 EDT	511	 DROP TABLE IF EXISTS tmpA_pat_498ce143_fafd_445b_8d9f_61fc7fe4c8fe
miran	[OR:ENCOUNTER_YEAR::2014, OR:DIAGNOSIS::hallucinatiosn]	2019.09.18 11:24:46 EDT	2019.09.18 11:24:47 EDT	673	 DROP TABLE IF EXISTS tmpA_pat_f50eab8b_1692_41f8_b9da_2a28db05f13a
miran	[OR:ENCOUNTER_YEAR::2014, OR:DIAGNOSIS::hallucinations]	2019.09.18 11:26:57 EDT	2019.09.18 11:26:58 EDT	966	 DROP TABLE IF EXISTS tmpA_pat_c99d626d_9e1b_4ded_8943_619a51512ced
miran	[OR:DIAGNOSIS::hallucinations, OR:DIAGNOSIS::majid]	2019.09.18 11:52:54 EDT	2019.09.18 11:52:55 EDT	910	 DROP TABLE IF EXISTS tmpA_pat_95b1b3b3_132b_46dd_bbef_955efd45b3fd
miran	[OR:DIAGNOSIS::halluciantions, OR:DIAGNOSIS::majid]	2019.09.18 11:55:15 EDT	2019.09.18 11:55:15 EDT	615	 DROP TABLE IF EXISTS tmpA_pat_1fbaec36_2b6c_47a0_b135_6a9a75655ac5
miran	[OR:DIAGNOSIS::hallucinations, OR:DIAGNOSIS::majid]	2019.09.18 11:56:57 EDT	2019.09.18 11:56:58 EDT	996	 DROP TABLE IF EXISTS tmpA_pat_c362cf65_a1fe_48c0_9c42_de8f7b62d391
miran	[OR:DIAGNOSIS::hallucinations, OR:DIAGNOSIS::majid]	2019.09.18 11:58:41 EDT	2019.09.18 11:58:42 EDT	994	 DROP TABLE IF EXISTS tmpA_pat_53db2b4b_fe96_45f9_8579_c61a46f559fc
miran	[OR:DIAGNOSIS::werferf]	2019.09.18 12:00:13 EDT	2019.09.18 12:00:13 EDT	674	 DROP TABLE IF EXISTS tmpA_pat_7b743130_502b_455d_ae6f_3b4e95af32dc
miran	[OR:DIAGNOSIS::majid, OR:DIAGNOSIS::daisfh]	2019.09.18 12:01:06 EDT	2019.09.18 12:01:06 EDT	580	 DROP TABLE IF EXISTS tmpA_pat_2925f3c3_9bf8_462d_9f1f_3dc3640e6cbe
miran	[OR:MEDICATION::rtbrr]	2019.09.18 12:04:08 EDT	2019.09.18 12:04:11 EDT	3028	 DROP TABLE IF EXISTS tmpA_pat_1790a39a_db23_405c_959d_0bc0d6132a80
miran	[OR:DIAGNOSIS::rtbrr]	2019.09.18 12:04:13 EDT	2019.09.18 12:04:13 EDT	132	 DROP TABLE IF EXISTS tmpA_pat_1790a39a_db23_405c_959d_0bc0d6132a80
miran	[OR:DIAGNOSIS::cghn cgh]	2019.09.18 12:04:51 EDT	2019.09.18 12:04:52 EDT	659	 DROP TABLE IF EXISTS tmpA_pat_e4fdcaa7_1c02_45b7_9a1e_6646c28a469e
miran	[OR:DIAGNOSIS::hallucinations, OR:DIAGNOSIS::majid]	2019.09.18 12:07:40 EDT	2019.09.18 12:07:42 EDT	1560	 DROP TABLE IF EXISTS tmpA_pat_fcaa102a_af75_4ef4_973c_11ba582f9a23
miran	[OR:DIAGNOSIS:: df df]	2019.09.18 12:08:40 EDT	2019.09.18 12:08:41 EDT	594	 DROP TABLE IF EXISTS tmpA_pat_d7d6d15c_48f4_467f_8881_7a8ec99d73b4
miran	[OR:DIAGNOSIS::hallucinations]	2019.09.18 12:13:22 EDT	2019.09.18 12:13:23 EDT	1001	 DROP TABLE IF EXISTS tmpA_pat_d182bb95_f4f3_4106_96fe_8d810cefc801
miran	[OR:DIAGNOSIS::hallucinations, OR:DIAGNOSIS::hearing voices, OR:DIAGNOSIS::seeing things]	2019.09.18 14:13:53 EDT	2019.09.18 14:13:53 EDT	505	 DROP TABLE IF EXISTS tmpA_pat_e276c1d3_93bb_4d29_8b94_cab084244e16
miran	[OR:MEDICATION::majid, OR:MEDICATION::saharban]	2019.09.18 15:28:49 EDT	2019.09.18 15:28:50 EDT	576	 DROP TABLE IF EXISTS tmpA_pat_23d1217c_b848_40f0_9441_d1b423748243
miran	[OR:MEDICATION::majid, OR:MEDICATION::saharban, OR:MEDICATION::koon tala, OR:DIAGNOSIS::palang]	2019.09.18 15:29:27 EDT	2019.09.18 15:29:27 EDT	210	 DROP TABLE IF EXISTS tmpA_pat_23d1217c_b848_40f0_9441_d1b423748243
miran	[OR:DIAGNOSIS::majid]	2019.09.30 15:31:28 EDT	2019.09.30 15:31:31 EDT	3632	 DROP TABLE IF EXISTS tmpA_pat_97696c91_4e6f_4751_927b_bfa4402f4a1e
miran	[OR:DIAGNOSIS::dc]	2019.09.30 15:35:22 EDT	2019.09.30 15:35:22 EDT	470	 DROP TABLE IF EXISTS tmpA_pat_5c763493_158f_496d_990f_e820abf42f79
miran	[OR:ENCOUNTER_YEAR::2010-2016, OR:DIAGNOSIS::sd]	2019.09.30 15:38:42 EDT	2019.09.30 15:38:43 EDT	1204	 DROP TABLE IF EXISTS tmpA_pat_24409718_e3a5_42b1_a756_69af306fdfb5
miran	[OR:ENCOUNTER_YEAR::2012-2016, OR:DIAGNOSIS::sx]	2019.09.30 15:43:15 EDT	2019.09.30 15:43:15 EDT	559	 DROP TABLE IF EXISTS tmpA_pat_4aba3c9e_c355_435f_8c3f_f6690f9565f7
miran	[OR:ENCOUNTER_YEAR::2010-2016, OR:DIAGNOSIS::sx]	2019.09.30 15:43:53 EDT	2019.09.30 15:43:53 EDT	259	 DROP TABLE IF EXISTS tmpA_pat_4aba3c9e_c355_435f_8c3f_f6690f9565f7
miran	[OR:ENCOUNTER_YEAR::>2010, OR:DIAGNOSIS::ed]	2019.09.30 15:46:29 EDT	2019.09.30 15:46:30 EDT	649	 DROP TABLE IF EXISTS tmpA_pat_627974e6_7165_4609_bc98_bc498fe0dde6
miran	[OR:ENCOUNTER_YEAR::>2010, OR:DIAGNOSIS::dscds]	2019.09.30 15:48:19 EDT	2019.09.30 15:48:20 EDT	618	 DROP TABLE IF EXISTS tmpA_pat_081f9dc6_95e3_4340_8e87_00d951d31898
miran	[OR:ENCOUNTER_YEAR::>2010, OR:DIAGNOSIS::vf]	2019.09.30 16:21:50 EDT	2019.09.30 16:21:50 EDT	538	 DROP TABLE IF EXISTS tmpA_pat_6d9a9315_79c4_49d6_b022_f16d5a294e9c
miran	[OR:ENCOUNTER_YEAR::>2010, OR:DIAGNOSIS::dc]	2019.09.30 16:26:40 EDT	2019.09.30 16:26:41 EDT	551	 DROP TABLE IF EXISTS tmpA_pat_2220ba5d_f377_4e72_b34e_7458f98221ff
miran	[OR:ENCOUNTER_YEAR::>2010, OR:DIAGNOSIS::bg]	2019.09.30 16:28:50 EDT	2019.09.30 16:28:50 EDT	536	 DROP TABLE IF EXISTS tmpA_pat_b61c2dd8_22d9_4ca6_a4b8_e56f53e18e5a
miran	[OR:ENCOUNTER_YEAR::>2010, OR:DIAGNOSIS::fr]	2019.09.30 16:31:27 EDT	2019.09.30 16:31:28 EDT	536	 DROP TABLE IF EXISTS tmpA_pat_674bf5be_db32_4909_b2b5_cebcaba038eb
miran	[OR:ENCOUNTER_YEAR::>2010, OR:DIAGNOSIS::efe]	2019.09.30 16:40:30 EDT	2019.09.30 16:40:31 EDT	523	 DROP TABLE IF EXISTS tmpA_pat_06ae5533_6d77_4265_92cf_1141303cff76
miran	[OR:ENCOUNTER_YEAR::>2010, OR:DIAGNOSIS::vf]	2019.09.30 16:52:04 EDT	2019.09.30 16:52:05 EDT	533	 DROP TABLE IF EXISTS tmpA_pat_adaa1722_5128_4891_9dbf_aaac1d5b00c2
miran	[OR:ENCOUNTER_YEAR::>2010, OR:DIAGNOSIS::dc]	2019.09.30 16:53:14 EDT	2019.09.30 16:53:15 EDT	543	 DROP TABLE IF EXISTS tmpA_pat_46491f5d_6b5e_4cc6_a62a_7b9f03e384cc
miran	[OR:ENCOUNTER_YEAR::>2010, OR:DIAGNOSIS::cdascdas]	2019.09.30 16:53:45 EDT	2019.09.30 16:53:46 EDT	495	 DROP TABLE IF EXISTS tmpA_pat_34ac8784_d362_4a5d_80e3_4c089c7d11f1
miran	[OR:ENCOUNTER_YEAR::>2010, OR:DIAGNOSIS::cq]	2019.09.30 16:55:39 EDT	2019.09.30 16:55:40 EDT	878	 DROP TABLE IF EXISTS tmpA_pat_164b4d33_38e5_491f_b752_9933ad5d0d2e
miran	[OR:ENCOUNTER_YEAR::>2010, OR:DIAGNOSIS::cd]	2019.09.30 16:57:51 EDT	2019.09.30 16:57:52 EDT	481	 DROP TABLE IF EXISTS tmpA_pat_1fc9e7c2_0165_4fa8_870b_72ddd85ce477
miran	[OR:ENCOUNTER_YEAR::>2010, OR:DIAGNOSIS::dc]	2019.09.30 16:58:41 EDT	2019.09.30 16:58:42 EDT	529	 DROP TABLE IF EXISTS tmpA_pat_edb2ef9b_82e1_44c0_9cf2_bc1b5a56bf36
miran	[OR:ENCOUNTER_YEAR::>2010, OR:DIAGNOSIS::dcc]	2019.09.30 17:00:26 EDT	2019.09.30 17:00:27 EDT	515	 DROP TABLE IF EXISTS tmpA_pat_4d2cf11c_e14a_484e_85aa_d7e1c2816b39
miran	[OR:ENCOUNTER_YEAR::>2010, OR:DIAGNOSIS::c]	2019.09.30 17:02:27 EDT	2019.09.30 17:02:27 EDT	508	 DROP TABLE IF EXISTS tmpA_pat_a3646b9a_4547_4a5b_8d98_ad20c88cb4d2
miran	[OR:ENCOUNTER_YEAR::>2010, OR:DIAGNOSIS::cd]	2019.09.30 17:04:39 EDT	2019.09.30 17:04:39 EDT	499	 DROP TABLE IF EXISTS tmpA_pat_79dc9c7a_ef82_4611_852f_107484941464
miran	[OR:ENCOUNTER_YEAR::>2010, OR:DIAGNOSIS::cd]	2019.09.30 17:14:03 EDT	2019.09.30 17:14:09 EDT	5951	 DROP TABLE IF EXISTS tmpA_pat_3494cbb6_fd23_47b5_97fb_5bb06c4d18f6
miran	[OR:ENCOUNTER_YEAR::>2001, OR:DIAGNOSIS::cd]	2019.09.30 17:14:18 EDT	2019.09.30 17:14:18 EDT	258	 DROP TABLE IF EXISTS tmpA_pat_3494cbb6_fd23_47b5_97fb_5bb06c4d18f6
miran	[OR:ENCOUNTER_YEAR::>2010, OR:DIAGNOSIS::cd]	2019.09.30 17:15:18 EDT	2019.09.30 17:15:19 EDT	284	 DROP TABLE IF EXISTS tmpA_pat_c223d9c9_9c4e_45ef_94e0_a4f5f2b9bde7
miran	[OR:ENCOUNTER_YEAR::2010, OR:DIAGNOSIS::ffr]	2019.09.30 17:19:39 EDT	2019.09.30 17:19:40 EDT	238	 DROP TABLE IF EXISTS tmpA_pat_6656034f_1e26_4d36_b3c0_096618843927
miran	[OR:ENCOUNTER_YEAR::>2010, OR:DIAGNOSIS::ffr]	2019.09.30 17:19:55 EDT	2019.09.30 17:19:56 EDT	389	 DROP TABLE IF EXISTS tmpA_pat_6656034f_1e26_4d36_b3c0_096618843927
miran	[OR:ENCOUNTER_YEAR::>2010, OR:DIAGNOSIS::d]	2019.09.30 17:21:12 EDT	2019.09.30 17:21:12 EDT	240	 DROP TABLE IF EXISTS tmpA_pat_fab70503_bc2d_4840_8fc1_4d410df6da34
miran	[OR:ENCOUNTER_YEAR::>2010, OR:DIAGNOSIS::c]	2019.09.30 17:23:05 EDT	2019.09.30 17:23:05 EDT	399	 DROP TABLE IF EXISTS tmpA_pat_e5297d15_b37b_4e81_8fd9_b7b9b3c0abb3
miran	[OR:ENCOUNTER_YEAR::>2010, OR:DIAGNOSIS::dcdcd]	2019.09.30 17:27:45 EDT	2019.09.30 17:27:46 EDT	917	 DROP TABLE IF EXISTS tmpA_pat_c9797efe_e5c7_442e_b9c9_7502c08b00d3
miran	[OR:ENCOUNTER_YEAR::>2010, OR:DIAGNOSIS::cd]	2019.09.30 17:28:39 EDT	2019.09.30 17:28:39 EDT	624	 DROP TABLE IF EXISTS tmpA_pat_0f51395e_0c01_48ea_ac4b_fe15d4f1ea2f
miran	[OR:ENCOUNTER_YEAR::>2010, OR:DIAGNOSIS::vf]	2019.09.30 17:30:21 EDT	2019.09.30 17:30:22 EDT	642	 DROP TABLE IF EXISTS tmpA_pat_d923db2e_9a1c_4a68_9f1f_4d59d4046870
miran	[OR:ENCOUNTER_YEAR::>2010, OR:DIAGNOSIS::de]	2019.09.30 17:37:55 EDT	2019.09.30 17:37:57 EDT	1921	 DROP TABLE IF EXISTS tmpA_pat_43bc794c_7cea_4fd4_b7b3_e12d94643d9b
miran	[OR:ENCOUNTER_YEAR::>2010, OR:DIAGNOSIS::vdf]	2019.09.30 17:40:13 EDT	2019.09.30 17:40:14 EDT	662	 DROP TABLE IF EXISTS tmpA_pat_22b701b3_d9c6_4795_8214_9264b1151326
miran	[OR:ENCOUNTER_YEAR::>2010, OR:DIAGNOSIS::cda]	2019.09.30 17:45:37 EDT	2019.09.30 17:45:37 EDT	407	 DROP TABLE IF EXISTS tmpA_pat_21ab4cb6_38b1_4da1_b012_04798fcb989b
miran	[OR:ENCOUNTER_YEAR::>2010, OR:DIAGNOSIS::cdasc]	2019.09.30 17:47:40 EDT	2019.09.30 17:47:40 EDT	866	 DROP TABLE IF EXISTS tmpA_pat_4737117d_d556_487e_93b3_e77c582de08a
